=== preflight ===
  [OK]   devcontainer 0.84.0
  [OK]   VM responsive

=== suite A: pre-built image (R-DC-01, R-DC-04) ===
  Running devcontainer up (pre-built)...
  docker commands sent by devcontainer CLI:
    buildx version
    version --format {{.Server.Version}}
    -v
    ps -q -a --filter label=devcontainer.local_folder=/Users/cb/Projects/pelagos-mac/test/fixtures/dc-prebuilt --filter label=devcontainer.config_file=/Users/cb/Projects/pelagos-mac/test/fixtures/dc-prebuilt/.devcontainer/devcontainer.json
    ps -q -a --filter label=devcontainer.local_folder=/Users/cb/Projects/pelagos-mac/test/fixtures/dc-prebuilt
    ps -q -a --filter label=devcontainer.local_folder=/Users/cb/Projects/pelagos-mac/test/fixtures/dc-prebuilt --filter label=devcontainer.config_file=/Users/cb/Projects/pelagos-mac/test/fixtures/dc-prebuilt/.devcontainer/devcontainer.json
    inspect --type image public.ecr.aws/docker/library/ubuntu:22.04
    events --format {{json .}} --filter event=start
    run --sig-proxy=false -a STDOUT -a STDERR --mount type=bind,source=/Users/cb/Projects/pelagos-mac,target=/workspaces/pelagos-mac,consistency=cached -l devcontainer.local_folder=/Users/cb/Projects/pelagos-mac/test/fixtures/dc-prebuilt -l devcontainer.config_file=/Users/cb/Projects/pelagos-mac/test/fixtures/dc-prebuilt/.devcontainer/devcontainer.json -e PELAGOS_TEST=prebuilt --entrypoint /bin/sh -l devcontainer.metadata=[{"containerEnv":{"PELAGOS_TEST":"prebuilt"}}] public.ecr.aws/docker/library/ubuntu:22.04 -c echo Container started
    trap "exit 0" 15
    
    exec "$@"
    while sleep 1 & wait $!; do :; done -
    ps -q -a --filter label=devcontainer.local_folder=/Users/cb/Projects/pelagos-mac/test/fixtures/dc-prebuilt --filter label=devcontainer.config_file=/Users/cb/Projects/pelagos-mac/test/fixtures/dc-prebuilt/.devcontainer/devcontainer.json
    inspect --type container dc-576
    inspect --type container dc-576
    exec -i -u root -e VSCODE_REMOTE_CONTAINERS_SESSION=4873bb64-cbed-45b2-afe8-a73fa38cc39a dc-576 /bin/sh
    exec -i -u root dc-576 /bin/bash -lic echo -n 8e3aeedd-a8ec-4e4b-bc23-eb0dfca40724; cat /proc/self/environ; echo -n 8e3aeedd-a8ec-4e4b-bc23-eb0dfca40724
  [PASS] TC-T2-01: devcontainer up exit 0
  [PASS] TC-T2-01: outcome=success
  [PASS] TC-T2-02: exec uname -s = Linux
  [PASS] TC-T2-03: exec /etc/os-release contains Ubuntu
  [PASS] TC-T2-04: devcontainer.local_folder label = /Users/cb/Projects/pelagos-mac/test/fixtures/dc-prebuilt
  Running devcontainer up (second time, idempotency)...
  [PASS] TC-T2-05: second devcontainer up: exit 0, outcome=success
  [PASS] TC-T2-05: second up reuses same container (dc-576)

=== suite B: custom Dockerfile (R-DC-02, R-DC-04) ===
  Running devcontainer up (custom Dockerfile)...
         --- up output ---
         [2026-03-14T23:44:42.835Z] @devcontainers/cli 0.84.0. Node.js v25.5.0. darwin 25.3.0 arm64.
         [2026-03-14T23:44:42.899Z] Start: Run: /tmp/pelagos-shim-wrapperMeV8xg build -f /var/folders/5s/f9f7n_tj38dfzkc2lkzw67q80000gn/T/devcontainercli/container-features/0.84.0-1773531882898/Dockerfile-with-features -t vsc-dc-dockerfile-f56da4985e086746555eff365c49b35bb8fa6615480b14219e25ae6954de5069 --target dev_containers_target_stage --build-arg _DEV_CONTAINERS_BASE_IMAGE=dev_container_auto_added_stage_label /Users/cb/Projects/pelagos-mac/test/fixtures/dc-dockerfile
         [2026-03-14T23:44:42.943Z] pelagos: error: invalid image reference 'docker.io/library/$_DEV_CONTAINERS_BASE_IMAGE:latest': ReferenceInvalidFormat
         Pulling docker.io/library/$_DEV_CONTAINERS_BASE_IMAGE:latest...
         
         [2026-03-14T23:44:44.970Z] pelagos: error: invalid image reference 'docker.io/library/$_DEV_CONTAINERS_BASE_IMAGE:latest': ReferenceInvalidFormat
         
         [2026-03-14T23:44:44.970Z] Pulling docker.io/library/$_DEV_CONTAINERS_BASE_IMAGE:latest...
         
         [2026-03-14T23:44:46.996Z] pelagos: error: invalid image reference 'docker.io/library/$_DEV_CONTAINERS_BASE_IMAGE:latest': ReferenceInvalidFormat
         
         [2026-03-14T23:44:46.996Z] Pulling docker.io/library/$_DEV_CONTAINERS_BASE_IMAGE:latest...
         
         [2026-03-14T23:44:49.019Z] pelagos: error: invalid image reference 'docker.io/library/$_DEV_CONTAINERS_BASE_IMAGE:latest': ReferenceInvalidFormat
         
         [2026-03-14T23:44:49.019Z] Pulling docker.io/library/$_DEV_CONTAINERS_BASE_IMAGE:latest...
         
         [2026-03-14T23:44:51.047Z] pelagos: error: invalid image reference 'docker.io/library/$_DEV_CONTAINERS_BASE_IMAGE:latest': ReferenceInvalidFormat
         
         [2026-03-14T23:44:51.047Z] Pulling docker.io/library/$_DEV_CONTAINERS_BASE_IMAGE:latest...
         
         [2026-03-14T23:44:53.077Z] pelagos: error: invalid image reference 'docker.io/library/$_DEV_CONTAINERS_BASE_IMAGE:latest': ReferenceInvalidFormat
         
         [2026-03-14T23:44:53.077Z] Pulling docker.io/library/$_DEV_CONTAINERS_BASE_IMAGE:latest...
         
         [2026-03-14T23:44:55.104Z] pelagos: error: invalid image reference 'docker.io/library/$_DEV_CONTAINERS_BASE_IMAGE:latest': ReferenceInvalidFormat
         
         [2026-03-14T23:44:55.104Z] Pulling docker.io/library/$_DEV_CONTAINERS_BASE_IMAGE:latest...
         
         [2026-03-14T23:44:57.132Z] pelagos: error: invalid image reference 'docker.io/library/$_DEV_CONTAINERS_BASE_IMAGE:latest': ReferenceInvalidFormat
         
         [2026-03-14T23:44:57.132Z] Pulling docker.io/library/$_DEV_CONTAINERS_BASE_IMAGE:latest...
         
         [2026-03-14T23:44:59.159Z] pelagos: error: invalid image reference 'docker.io/library/$_DEV_CONTAINERS_BASE_IMAGE:latest': ReferenceInvalidFormat
         
         [2026-03-14T23:44:59.159Z] Pulling docker.io/library/$_DEV_CONTAINERS_BASE_IMAGE:latest...
         
         [2026-03-14T23:45:01.183Z] pelagos: error: invalid image reference 'docker.io/library/$_DEV_CONTAINERS_BASE_IMAGE:latest': ReferenceInvalidFormat
         
         [2026-03-14T23:45:01.183Z] Pulling docker.io/library/$_DEV_CONTAINERS_BASE_IMAGE:latest...
         
         [2026-03-14T23:45:01.184Z] [2026-03-14T23:45:01Z ERROR pelagos] guest error: image pull failed (exit 1)
         
         [2026-03-14T23:45:01.184Z] Exit code 1
         Error: Command failed: /tmp/pelagos-shim-wrapperMeV8xg build -f /var/folders/5s/f9f7n_tj38dfzkc2lkzw67q80000gn/T/devcontainercli/container-features/0.84.0-1773531882898/Dockerfile-with-features -t vsc-dc-dockerfile-f56da4985e086746555eff365c49b35bb8fa6615480b14219e25ae6954de5069 --target dev_containers_target_stage --build-arg _DEV_CONTAINERS_BASE_IMAGE=dev_container_auto_added_stage_label /Users/cb/Projects/pelagos-mac/test/fixtures/dc-dockerfile
             at bV (/opt/homebrew/lib/node_modules/@devcontainers/cli/dist/spec-node/devContainersSpecCLI.js:466:2009)
             at process.processTicksAndRejections (node:internal/process/task_queues:104:5)
             at async Sp (/opt/homebrew/lib/node_modules/@devcontainers/cli/dist/spec-node/devContainersSpecCLI.js:465:1910)
             at async uG (/opt/homebrew/lib/node_modules/@devcontainers/cli/dist/spec-node/devContainersSpecCLI.js:465:608)
             at async jV (/opt/homebrew/lib/node_modules/@devcontainers/cli/dist/spec-node/devContainersSpecCLI.js:483:3870)
             at async FI (/opt/homebrew/lib/node_modules/@devcontainers/cli/dist/spec-node/devContainersSpecCLI.js:483:4989)
             at async SZ (/opt/homebrew/lib/node_modules/@devcontainers/cli/dist/spec-node/devContainersSpecCLI.js:664:205)
             at async FZ (/opt/homebrew/lib/node_modules/@devcontainers/cli/dist/spec-node/devContainersSpecCLI.js:663:15080)
             at async /opt/homebrew/lib/node_modules/@devcontainers/cli/dist/spec-node/devContainersSpecCLI.js:483:1188
         {"outcome":"error","message":"Command failed: /tmp/pelagos-shim-wrapperMeV8xg build -f /var/folders/5s/f9f7n_tj38dfzkc2lkzw67q80000gn/T/devcontainercli/container-features/0.84.0-1773531882898/Dockerfile-with-features -t vsc-dc-dockerfile-f56da4985e086746555eff365c49b35bb8fa6615480b14219e25ae6954de5069 --target dev_containers_target_stage --build-arg _DEV_CONTAINERS_BASE_IMAGE=dev_container_auto_added_stage_label /Users/cb/Projects/pelagos-mac/test/fixtures/dc-dockerfile","description":"An error occurred building the image."}
         ---
  [FAIL] TC-T2-06: devcontainer up (custom Dockerfile)
         expected : exit=0 outcome=success
         got      : exit=1 outcome=error
         --- marker ---
         [2026-03-14T23:45:01.442Z] Error: Dev container not found.
             at wg (/opt/homebrew/lib/node_modules/@devcontainers/cli/dist/spec-node/devContainersSpecCLI.js:471:1096)
             at ZQ (/opt/homebrew/lib/node_modules/@devcontainers/cli/dist/spec-node/devContainersSpecCLI.js:669:6405)
             at process.processTicksAndRejections (node:internal/process/task_queues:104:5)
             at async WZ (/opt/homebrew/lib/node_modules/@devcontainers/cli/dist/spec-node/devContainersSpecCLI.js:669:3985)
             at async /opt/homebrew/lib/node_modules/@devcontainers/cli/dist/spec-node/devContainersSpecCLI.js:483:1188
         ---
  [FAIL] TC-T2-07: Dockerfile marker in container
         expected : pelagos-dockerfile-build
         got      : [2026-03-14T23:45:01.442Z] Error: Dev container not found.
    at wg (/opt/homebrew/lib/node_modules/@devcontainers/cli/dist/spec-node/devContainersSpecCLI.js:471:1096)
    at ZQ (/opt/homebrew/lib/node_modules/@devcontainers/cli/dist/spec-node/devContainersSpecCLI.js:669:6405)
    at process.processTicksAndRejections (node:internal/process/task_queues:104:5)
    at async WZ (/opt/homebrew/lib/node_modules/@devcontainers/cli/dist/spec-node/devContainersSpecCLI.js:669:3985)
    at async /opt/homebrew/lib/node_modules/@devcontainers/cli/dist/spec-node/devContainersSpecCLI.js:483:1188
  [FAIL] TC-T2-07b: curl installed by Dockerfile apt-get (blocked: pelagos#102 DNS in RUN)
         expected : curl ...
         got      : [2026-03-14T23:45:01.586Z] Error: Dev container not found.

=== suite C: devcontainer features (R-DC-03, R-DC-04) ===
  Running devcontainer up (features: node:lts)...
  (This builds a multi-stage feature Dockerfile — may be slow on first run)
         --- up output ---
         [2026-03-14T23:45:01.707Z] @devcontainers/cli 0.84.0. Node.js v25.5.0. darwin 25.3.0 arm64.
         [2026-03-14T23:45:01.770Z] Resolving Feature dependencies for 'ghcr.io/devcontainers/features/node:1'...
         [2026-03-14T23:45:03.120Z] Soft-dependency 'ghcr.io/devcontainers/features/common-utils' is not required.  Removing from installation order...
         [2026-03-14T23:45:03.610Z] Files to omit: ''
         [2026-03-14T23:45:03.616Z] Start: Run: /tmp/pelagos-shim-wrapperMeV8xg build -t dev_container_feature_content_temp -f /var/folders/5s/f9f7n_tj38dfzkc2lkzw67q80000gn/T/devcontainercli/container-features/0.84.0-1773531901769/Dockerfile.buildContent /var/folders/5s/f9f7n_tj38dfzkc2lkzw67q80000gn/T/devcontainercli/container-features/0.84.0-1773531901769
         [2026-03-14T23:45:03.639Z] Building dev_container_feature_content_temp from /tmp/pelagos-build-1773531903661259/Dockerfile.buildContent
         ==> Stage 0 (unnamed) [final]
         Step 1/2: FROM scratch
         Step 2/2: COPY . /tmp/build-features/
         
         [2026-03-14T23:45:03.639Z] Successfully built dev_container_feature_content_temp (1 layers)
         
         [2026-03-14T23:45:03.640Z] Start: Run: /tmp/pelagos-shim-wrapperMeV8xg build --build-arg _DEV_CONTAINERS_BASE_IMAGE=public.ecr.aws/docker/library/ubuntu:22.04 --build-arg _DEV_CONTAINERS_IMAGE_USER=root --build-arg _DEV_CONTAINERS_FEATURE_CONTENT_SOURCE=dev_container_feature_content_temp --target dev_containers_target_stage -f /var/folders/5s/f9f7n_tj38dfzkc2lkzw67q80000gn/T/devcontainercli/container-features/0.84.0-1773531901769/Dockerfile.extended -t vsc-dc-features-f87b5678a8c5d642ccf9ddda67cc4e52f68edb6b0021b7b959ed23726529717f-features /var/folders/5s/f9f7n_tj38dfzkc2lkzw67q80000gn/T/devcontainercli/empty-folder
         [2026-03-14T23:45:03.682Z] pelagos: error: invalid image reference 'docker.io/library/$_DEV_CONTAINERS_BASE_IMAGE:latest': ReferenceInvalidFormat
         Pulling docker.io/library/$_DEV_CONTAINERS_BASE_IMAGE:latest...
         
         [2026-03-14T23:45:05.710Z] pelagos: error: invalid image reference 'docker.io/library/$_DEV_CONTAINERS_BASE_IMAGE:latest': ReferenceInvalidFormat
         
         [2026-03-14T23:45:05.710Z] Pulling docker.io/library/$_DEV_CONTAINERS_BASE_IMAGE:latest...
         
         [2026-03-14T23:45:07.738Z] pelagos: error: invalid image reference 'docker.io/library/$_DEV_CONTAINERS_BASE_IMAGE:latest': ReferenceInvalidFormat
         
         [2026-03-14T23:45:07.738Z] Pulling docker.io/library/$_DEV_CONTAINERS_BASE_IMAGE:latest...
         
         [2026-03-14T23:45:09.764Z] pelagos: error: invalid image reference 'docker.io/library/$_DEV_CONTAINERS_BASE_IMAGE:latest': ReferenceInvalidFormat
         Pulling docker.io/library/$_DEV_CONTAINERS_BASE_IMAGE:latest...
         
         [2026-03-14T23:45:11.789Z] pelagos: error: invalid image reference 'docker.io/library/$_DEV_CONTAINERS_BASE_IMAGE:latest': ReferenceInvalidFormat
         
         [2026-03-14T23:45:11.789Z] Pulling docker.io/library/$_DEV_CONTAINERS_BASE_IMAGE:latest...
         
         [2026-03-14T23:45:13.813Z] pelagos: error: invalid image reference 'docker.io/library/$_DEV_CONTAINERS_BASE_IMAGE:latest': ReferenceInvalidFormat
         
         [2026-03-14T23:45:13.814Z] Pulling docker.io/library/$_DEV_CONTAINERS_BASE_IMAGE:latest...
         
         [2026-03-14T23:45:15.838Z] pelagos: error: invalid image reference 'docker.io/library/$_DEV_CONTAINERS_BASE_IMAGE:latest': ReferenceInvalidFormat
         
         [2026-03-14T23:45:15.839Z] Pulling docker.io/library/$_DEV_CONTAINERS_BASE_IMAGE:latest...
         
         [2026-03-14T23:45:17.867Z] pelagos: error: invalid image reference 'docker.io/library/$_DEV_CONTAINERS_BASE_IMAGE:latest': ReferenceInvalidFormat
         
         [2026-03-14T23:45:17.867Z] Pulling docker.io/library/$_DEV_CONTAINERS_BASE_IMAGE:latest...
         
         [2026-03-14T23:45:19.892Z] pelagos: error: invalid image reference 'docker.io/library/$_DEV_CONTAINERS_BASE_IMAGE:latest': ReferenceInvalidFormat
         
         [2026-03-14T23:45:19.892Z] Pulling docker.io/library/$_DEV_CONTAINERS_BASE_IMAGE:latest...
         
         [2026-03-14T23:45:21.916Z] pelagos: error: invalid image reference 'docker.io/library/$_DEV_CONTAINERS_BASE_IMAGE:latest': ReferenceInvalidFormat
         
         [2026-03-14T23:45:21.916Z] Pulling docker.io/library/$_DEV_CONTAINERS_BASE_IMAGE:latest...
         [2026-03-14T23:45:21Z ERROR pelagos] guest error: image pull failed (exit 1)
         
         [2026-03-14T23:45:21.917Z] Exit code 1
         Error: Command failed: /tmp/pelagos-shim-wrapperMeV8xg build --build-arg _DEV_CONTAINERS_BASE_IMAGE=public.ecr.aws/docker/library/ubuntu:22.04 --build-arg _DEV_CONTAINERS_IMAGE_USER=root --build-arg _DEV_CONTAINERS_FEATURE_CONTENT_SOURCE=dev_container_feature_content_temp --target dev_containers_target_stage -f /var/folders/5s/f9f7n_tj38dfzkc2lkzw67q80000gn/T/devcontainercli/container-features/0.84.0-1773531901769/Dockerfile.extended -t vsc-dc-features-f87b5678a8c5d642ccf9ddda67cc4e52f68edb6b0021b7b959ed23726529717f-features /var/folders/5s/f9f7n_tj38dfzkc2lkzw67q80000gn/T/devcontainercli/empty-folder
             at kV (/opt/homebrew/lib/node_modules/@devcontainers/cli/dist/spec-node/devContainersSpecCLI.js:465:1277)
             at uG (/opt/homebrew/lib/node_modules/@devcontainers/cli/dist/spec-node/devContainersSpecCLI.js:465:1021)
             at process.processTicksAndRejections (node:internal/process/task_queues:104:5)
             at async jV (/opt/homebrew/lib/node_modules/@devcontainers/cli/dist/spec-node/devContainersSpecCLI.js:483:3870)
             at async FI (/opt/homebrew/lib/node_modules/@devcontainers/cli/dist/spec-node/devContainersSpecCLI.js:483:4989)
             at async SZ (/opt/homebrew/lib/node_modules/@devcontainers/cli/dist/spec-node/devContainersSpecCLI.js:664:205)
             at async FZ (/opt/homebrew/lib/node_modules/@devcontainers/cli/dist/spec-node/devContainersSpecCLI.js:663:15080)
             at async /opt/homebrew/lib/node_modules/@devcontainers/cli/dist/spec-node/devContainersSpecCLI.js:483:1188
         {"outcome":"error","message":"Command failed: /tmp/pelagos-shim-wrapperMeV8xg build --build-arg _DEV_CONTAINERS_BASE_IMAGE=public.ecr.aws/docker/library/ubuntu:22.04 --build-arg _DEV_CONTAINERS_IMAGE_USER=root --build-arg _DEV_CONTAINERS_FEATURE_CONTENT_SOURCE=dev_container_feature_content_temp --target dev_containers_target_stage -f /var/folders/5s/f9f7n_tj38dfzkc2lkzw67q80000gn/T/devcontainercli/container-features/0.84.0-1773531901769/Dockerfile.extended -t vsc-dc-features-f87b5678a8c5d642ccf9ddda67cc4e52f68edb6b0021b7b959ed23726529717f-features /var/folders/5s/f9f7n_tj38dfzkc2lkzw67q80000gn/T/devcontainercli/empty-folder","description":"An error occurred setting up the container."}
         ---
  [FAIL] TC-T2-10: devcontainer up (node feature)
         expected : exit=0 outcome=success
         got      : exit=1 outcome=error
         --- node output ---
         [2026-03-14T23:45:22.178Z] Error: Dev container not found.
             at wg (/opt/homebrew/lib/node_modules/@devcontainers/cli/dist/spec-node/devContainersSpecCLI.js:471:1096)
             at ZQ (/opt/homebrew/lib/node_modules/@devcontainers/cli/dist/spec-node/devContainersSpecCLI.js:669:6405)
             at process.processTicksAndRejections (node:internal/process/task_queues:104:5)
             at async WZ (/opt/homebrew/lib/node_modules/@devcontainers/cli/dist/spec-node/devContainersSpecCLI.js:669:3985)
             at async /opt/homebrew/lib/node_modules/@devcontainers/cli/dist/spec-node/devContainersSpecCLI.js:483:1188
         ---
  [FAIL] TC-T2-10b: node installed by feature
         expected : v<N>.x.x
         got      : [2026-03-14T23:45:22.178Z] Error: Dev container not found.
    at wg (/opt/homebrew/lib/node_modules/@devcontainers/cli/dist/spec-node/devContainersSpecCLI.js:471:1096)
    at ZQ (/opt/homebrew/lib/node_modules/@devcontainers/cli/dist/spec-node/devContainersSpecCLI.js:669:6405)
    at process.processTicksAndRejections (node:internal/process/task_queues:104:5)
    at async WZ (/opt/homebrew/lib/node_modules/@devcontainers/cli/dist/spec-node/devContainersSpecCLI.js:669:3985)
    at async /opt/homebrew/lib/node_modules/@devcontainers/cli/dist/spec-node/devContainersSpecCLI.js:483:1188
  [FAIL] TC-T2-10c: npm installed
         expected : N.N.N
         got      : [2026-03-14T23:45:22.323Z] Error: Dev container not found.
    at wg (/opt/homebrew/lib/node_modules/@devcontainers/cli/dist/spec-node/devContainersSpecCLI.js:471:1096)
    at ZQ (/opt/homebrew/lib/node_modules/@devcontainers/cli/dist/spec-node/devContainersSpecCLI.js:669:6405)
    at process.processTicksAndRejections (node:internal/process/task_queues:104:5)
    at async WZ (/opt/homebrew/lib/node_modules/@devcontainers/cli/dist/spec-node/devContainersSpecCLI.js:669:3985)
    at async /opt/homebrew/lib/node_modules/@devcontainers/cli/dist/spec-node/devContainersSpecCLI.js:483:1188

=== suite D: postCreateCommand (R-DC-01 lifecycle) ===
  Running devcontainer up (postCreateCommand)...
  [PASS] TC-T2-08: devcontainer up (postCreateCommand): exit 0, outcome=success
  [PASS] TC-T2-08b: postCreateCommand ran: 'postcreate-done' in up output
  [PASS] TC-T2-09: teardown: container removed from ps -a

========================================
FAIL  6 failed, 10 passed / 16 total

Re-run with --debug for full devcontainer output.
