=== preflight ===
  [OK]   devcontainer 0.84.0
  [OK]   VM responsive

=== suite A: pre-built image (R-DC-01, R-DC-04) ===
  Running devcontainer up (pre-built)...
  docker commands sent by devcontainer CLI:
    buildx version
    version --format {{.Server.Version}}
    -v
    ps -q -a --filter label=devcontainer.local_folder=/Users/cb/Projects/pelagos-mac/test/fixtures/dc-prebuilt --filter label=devcontainer.config_file=/Users/cb/Projects/pelagos-mac/test/fixtures/dc-prebuilt/.devcontainer/devcontainer.json
    ps -q -a --filter label=devcontainer.local_folder=/Users/cb/Projects/pelagos-mac/test/fixtures/dc-prebuilt
    ps -q -a --filter label=devcontainer.local_folder=/Users/cb/Projects/pelagos-mac/test/fixtures/dc-prebuilt --filter label=devcontainer.config_file=/Users/cb/Projects/pelagos-mac/test/fixtures/dc-prebuilt/.devcontainer/devcontainer.json
    inspect --type image public.ecr.aws/docker/library/ubuntu:22.04
    events --format {{json .}} --filter event=start
    run --sig-proxy=false -a STDOUT -a STDERR --mount type=bind,source=/Users/cb/Projects/pelagos-mac,target=/workspaces/pelagos-mac,consistency=cached -l devcontainer.local_folder=/Users/cb/Projects/pelagos-mac/test/fixtures/dc-prebuilt -l devcontainer.config_file=/Users/cb/Projects/pelagos-mac/test/fixtures/dc-prebuilt/.devcontainer/devcontainer.json -e PELAGOS_TEST=prebuilt --entrypoint /bin/sh -l devcontainer.metadata=[{"containerEnv":{"PELAGOS_TEST":"prebuilt"}}] public.ecr.aws/docker/library/ubuntu:22.04 -c echo Container started
    trap "exit 0" 15
    
    exec "$@"
    while sleep 1 & wait $!; do :; done -
    ps -q -a --filter label=devcontainer.local_folder=/Users/cb/Projects/pelagos-mac/test/fixtures/dc-prebuilt --filter label=devcontainer.config_file=/Users/cb/Projects/pelagos-mac/test/fixtures/dc-prebuilt/.devcontainer/devcontainer.json
    inspect --type container dc-516
    inspect --type container dc-516
    exec -i -u root -e VSCODE_REMOTE_CONTAINERS_SESSION=9f3601d9-e4aa-4624-b784-e5a7e0b186a8 dc-516 /bin/sh
    exec -i -u root dc-516 /bin/bash -lic echo -n d76865a0-c0d2-4f9d-8e2b-2526ab37840d; cat /proc/self/environ; echo -n d76865a0-c0d2-4f9d-8e2b-2526ab37840d
  [PASS] TC-T2-01: devcontainer up exit 0
  [PASS] TC-T2-01: outcome=success
  [PASS] TC-T2-02: exec uname -s = Linux
  [PASS] TC-T2-03: exec /etc/os-release contains Ubuntu
  [PASS] TC-T2-04: devcontainer.local_folder label = /Users/cb/Projects/pelagos-mac/test/fixtures/dc-prebuilt
  Running devcontainer up (second time, idempotency)...
  [PASS] TC-T2-05: second devcontainer up: exit 0, outcome=success
  [PASS] TC-T2-05: second up reuses same container (dc-516)

=== suite B: custom Dockerfile (R-DC-02, R-DC-04) ===
  Running devcontainer up (custom Dockerfile)...
         --- up output ---
         [2026-03-15T00:57:51.641Z] @devcontainers/cli 0.84.0. Node.js v25.5.0. darwin 25.3.0 arm64.
         [2026-03-15T00:57:51.724Z] Start: Run: /tmp/pelagos-shim-wrapperT2kfh0 build -f /var/folders/5s/f9f7n_tj38dfzkc2lkzw67q80000gn/T/devcontainercli/container-features/0.84.0-1773536271723/Dockerfile-with-features -t vsc-dc-dockerfile-f56da4985e086746555eff365c49b35bb8fa6615480b14219e25ae6954de5069 --target dev_containers_target_stage --build-arg _DEV_CONTAINERS_BASE_IMAGE=dev_container_auto_added_stage_label /Users/cb/Projects/pelagos-mac/test/fixtures/dc-dockerfile
         [2026-03-15T00:57:51.745Z] Building vsc-dc-dockerfile-f56da4985e086746555eff365c49b35bb8fa6615480b14219e25ae6954de5069 from /tmp/pelagos-build-1773536271766200/Dockerfile-with-features
         ==> Stage 0 (unnamed)
         Step 1/1: ARG _DEV_CONTAINERS_BASE_IMAGE=dev_container_auto_added_stage_label
         ==> Stage 1 (dev_container_auto_added_stage_label)
         Step 1/3: FROM public.ecr.aws/docker/library/ubuntu:22.04
         Step 2/3: RUN apt-get update && apt-get install -y --no-install-recommends curl && rm -rf /var/lib/apt/lists/*
         
         [2026-03-15T00:57:51.752Z] Ign:1 http://ports.ubuntu.com/ubuntu-ports jammy InRelease
         Ign:2 http://ports.ubuntu.com/ubuntu-ports jammy-updates InRelease
         Ign:3 http://ports.ubuntu.com/ubuntu-ports jammy-backports InRelease
         [2026-03-15T00:57:51.752Z] Ign:4 http://ports.ubuntu.com/ubuntu-ports jammy-security InRelease
         [2026-03-15T00:57:52.753Z] Ign:1 http://ports.ubuntu.com/ubuntu-ports jammy InRelease
         [2026-03-15T00:57:52.753Z] Ign:2 http://ports.ubuntu.com/ubuntu-ports jammy-updates InRelease
         [2026-03-15T00:57:52.753Z] Ign:3 http://ports.ubuntu.com/ubuntu-ports jammy-backports InRelease
         [2026-03-15T00:57:52.753Z] Ign:4 http://ports.ubuntu.com/ubuntu-ports jammy-security InRelease
         [2026-03-15T00:57:54.754Z] Ign:1 http://ports.ubuntu.com/ubuntu-ports jammy InRelease
         [2026-03-15T00:57:54.754Z] Ign:2 http://ports.ubuntu.com/ubuntu-ports jammy-updates InRelease
         Ign:3 http://ports.ubuntu.com/ubuntu-ports jammy-backports InRelease
         [2026-03-15T00:57:54.755Z] Ign:4 http://ports.ubuntu.com/ubuntu-ports jammy-security InRelease
         [2026-03-15T00:57:58.758Z] Err:1 http://ports.ubuntu.com/ubuntu-ports jammy InRelease
           Temporary failure resolving 'ports.ubuntu.com'
         [2026-03-15T00:57:58.758Z] Err:2 http://ports.ubuntu.com/ubuntu-ports jammy-updates InRelease
           Temporary failure resolving 'ports.ubuntu.com'
         [2026-03-15T00:57:58.759Z] Err:3 http://ports.ubuntu.com/ubuntu-ports jammy-backports InRelease
           Temporary failure resolving 'ports.ubuntu.com'
         Err:4 http://ports.ubuntu.com/ubuntu-ports jammy-security InRelease
           Temporary failure resolving 'ports.ubuntu.com'
         [2026-03-15T00:57:58.761Z] Reading package lists...
         [2026-03-15T00:57:58.764Z] W: Failed to fetch http://ports.ubuntu.com/ubuntu-ports/dists/jammy/InRelease  Temporary failure resolving 'ports.ubuntu.com'
         W: Failed to fetch http://ports.ubuntu.com/ubuntu-ports/dists/jammy-updates/InRelease  Temporary failure resolving 'ports.ubuntu.com'
         W: Failed to fetch http://ports.ubuntu.com/ubuntu-ports/dists/jammy-backports/InRelease  Temporary failure resolving 'ports.ubuntu.com'
         W: Failed to fetch http://ports.ubuntu.com/ubuntu-ports/dists/jammy-security/InRelease  Temporary failure resolving 'ports.ubuntu.com'
         W: Some index files failed to download. They have been ignored, or old ones used instead.
         
         [2026-03-15T00:57:58.766Z] Reading package lists...
         [2026-03-15T00:57:58.766Z] Building dependency tree...
         [2026-03-15T00:57:58.766Z] Reading state information...
         [2026-03-15T00:57:58.767Z] E: Unable to locate package curl
         
         [2026-03-15T00:57:58.767Z] pelagos: error: RUN command failed with exit code 100
         
         [2026-03-15T00:57:58.768Z] Exit code 1
         Error: Command failed: /tmp/pelagos-shim-wrapperT2kfh0 build -f /var/folders/5s/f9f7n_tj38dfzkc2lkzw67q80000gn/T/devcontainercli/container-features/0.84.0-1773536271723/Dockerfile-with-features -t vsc-dc-dockerfile-f56da4985e086746555eff365c49b35bb8fa6615480b14219e25ae6954de5069 --target dev_containers_target_stage --build-arg _DEV_CONTAINERS_BASE_IMAGE=dev_container_auto_added_stage_label /Users/cb/Projects/pelagos-mac/test/fixtures/dc-dockerfile
             at bV (/opt/homebrew/lib/node_modules/@devcontainers/cli/dist/spec-node/devContainersSpecCLI.js:466:2009)
             at process.processTicksAndRejections (node:internal/process/task_queues:104:5)
             at async Sp (/opt/homebrew/lib/node_modules/@devcontainers/cli/dist/spec-node/devContainersSpecCLI.js:465:1910)
             at async uG (/opt/homebrew/lib/node_modules/@devcontainers/cli/dist/spec-node/devContainersSpecCLI.js:465:608)
             at async jV (/opt/homebrew/lib/node_modules/@devcontainers/cli/dist/spec-node/devContainersSpecCLI.js:483:3870)
             at async FI (/opt/homebrew/lib/node_modules/@devcontainers/cli/dist/spec-node/devContainersSpecCLI.js:483:4989)
             at async SZ (/opt/homebrew/lib/node_modules/@devcontainers/cli/dist/spec-node/devContainersSpecCLI.js:664:205)
             at async FZ (/opt/homebrew/lib/node_modules/@devcontainers/cli/dist/spec-node/devContainersSpecCLI.js:663:15080)
             at async /opt/homebrew/lib/node_modules/@devcontainers/cli/dist/spec-node/devContainersSpecCLI.js:483:1188
         {"outcome":"error","message":"Command failed: /tmp/pelagos-shim-wrapperT2kfh0 build -f /var/folders/5s/f9f7n_tj38dfzkc2lkzw67q80000gn/T/devcontainercli/container-features/0.84.0-1773536271723/Dockerfile-with-features -t vsc-dc-dockerfile-f56da4985e086746555eff365c49b35bb8fa6615480b14219e25ae6954de5069 --target dev_containers_target_stage --build-arg _DEV_CONTAINERS_BASE_IMAGE=dev_container_auto_added_stage_label /Users/cb/Projects/pelagos-mac/test/fixtures/dc-dockerfile","description":"An error occurred building the image."}
         ---
  [FAIL] TC-T2-06: devcontainer up (custom Dockerfile)
         expected : exit=0 outcome=success
         got      : exit=1 outcome=error
         --- marker ---
         [2026-03-15T00:57:59.044Z] Error: Dev container not found.
             at wg (/opt/homebrew/lib/node_modules/@devcontainers/cli/dist/spec-node/devContainersSpecCLI.js:471:1096)
             at ZQ (/opt/homebrew/lib/node_modules/@devcontainers/cli/dist/spec-node/devContainersSpecCLI.js:669:6405)
             at process.processTicksAndRejections (node:internal/process/task_queues:104:5)
             at async WZ (/opt/homebrew/lib/node_modules/@devcontainers/cli/dist/spec-node/devContainersSpecCLI.js:669:3985)
             at async /opt/homebrew/lib/node_modules/@devcontainers/cli/dist/spec-node/devContainersSpecCLI.js:483:1188
         ---
  [FAIL] TC-T2-07: Dockerfile marker in container
         expected : pelagos-dockerfile-build
         got      : [2026-03-15T00:57:59.044Z] Error: Dev container not found.
    at wg (/opt/homebrew/lib/node_modules/@devcontainers/cli/dist/spec-node/devContainersSpecCLI.js:471:1096)
    at ZQ (/opt/homebrew/lib/node_modules/@devcontainers/cli/dist/spec-node/devContainersSpecCLI.js:669:6405)
    at process.processTicksAndRejections (node:internal/process/task_queues:104:5)
    at async WZ (/opt/homebrew/lib/node_modules/@devcontainers/cli/dist/spec-node/devContainersSpecCLI.js:669:3985)
    at async /opt/homebrew/lib/node_modules/@devcontainers/cli/dist/spec-node/devContainersSpecCLI.js:483:1188
  [FAIL] TC-T2-07b: curl installed by Dockerfile apt-get (blocked: pelagos#102 DNS in RUN)
         expected : curl ...
         got      : [2026-03-15T00:57:59.201Z] Error: Dev container not found.

=== suite C: devcontainer features (R-DC-03, R-DC-04) ===
  Running devcontainer up (features: node:lts)...
  (This builds a multi-stage feature Dockerfile — may be slow on first run)
         --- up output ---
         [2026-03-15T00:57:59.341Z] @devcontainers/cli 0.84.0. Node.js v25.5.0. darwin 25.3.0 arm64.
         [2026-03-15T00:57:59.425Z] Resolving Feature dependencies for 'ghcr.io/devcontainers/features/node:1'...
         [2026-03-15T00:58:00.207Z] Soft-dependency 'ghcr.io/devcontainers/features/common-utils' is not required.  Removing from installation order...
         [2026-03-15T00:58:00.523Z] Files to omit: ''
         [2026-03-15T00:58:00.531Z] Start: Run: /tmp/pelagos-shim-wrapperT2kfh0 build -t dev_container_feature_content_temp -f /var/folders/5s/f9f7n_tj38dfzkc2lkzw67q80000gn/T/devcontainercli/container-features/0.84.0-1773536279424/Dockerfile.buildContent /var/folders/5s/f9f7n_tj38dfzkc2lkzw67q80000gn/T/devcontainercli/container-features/0.84.0-1773536279424
         [2026-03-15T00:58:00.557Z] Building dev_container_feature_content_temp from /tmp/pelagos-build-1773536280573317/Dockerfile.buildContent
         ==> Stage 0 (unnamed) [final]
         Step 1/2: FROM scratch
         Step 2/2: COPY . /tmp/build-features/
         Successfully built dev_container_feature_content_temp (1 layers)
         
         [2026-03-15T00:58:00.558Z] Start: Run: /tmp/pelagos-shim-wrapperT2kfh0 build --build-arg _DEV_CONTAINERS_BASE_IMAGE=public.ecr.aws/docker/library/ubuntu:22.04 --build-arg _DEV_CONTAINERS_IMAGE_USER=root --build-arg _DEV_CONTAINERS_FEATURE_CONTENT_SOURCE=dev_container_feature_content_temp --target dev_containers_target_stage -f /var/folders/5s/f9f7n_tj38dfzkc2lkzw67q80000gn/T/devcontainercli/container-features/0.84.0-1773536279424/Dockerfile.extended -t vsc-dc-features-f87b5678a8c5d642ccf9ddda67cc4e52f68edb6b0021b7b959ed23726529717f-features /var/folders/5s/f9f7n_tj38dfzkc2lkzw67q80000gn/T/devcontainercli/empty-folder
         [2026-03-15T00:58:00.577Z] Building vsc-dc-features-f87b5678a8c5d642ccf9ddda67cc4e52f68edb6b0021b7b959ed23726529717f-features from /tmp/pelagos-build-1773536280597742/Dockerfile.extended
         ==> Stage 0 (unnamed)
         Step 1/1: ARG _DEV_CONTAINERS_BASE_IMAGE=public.ecr.aws/docker/library/ubuntu:22.04
         
         [2026-03-15T00:58:00.577Z] ==> Stage 1 (dev_containers_feature_content_source)
         Step 1/1: FROM dev_container_feature_content_temp
         ==> Stage 2 (dev_containers_feature_content_normalize)
         Step 1/4: FROM public.ecr.aws/docker/library/ubuntu:22.04
         Step 2/4: USER root
         Step 3/4: COPY --from=dev_containers_feature_content_source /tmp/build-features/devcontainer-features.builtin.env /tmp/build-features/
         Step 4/4: RUN chmod -R 0755 /tmp/build-features/
         
         [2026-03-15T00:58:02.579Z] ==> Stage 3 (dev_containers_target_stage) [final]
         Step 1/14: FROM public.ecr.aws/docker/library/ubuntu:22.04
         Step 2/14: USER root
         Step 3/14: RUN mkdir -p /tmp/dev-container-features
         
         [2026-03-15T00:58:04.582Z] Step 4/14: COPY --from=dev_containers_feature_content_normalize /tmp/build-features/ /tmp/dev-container-features
         
         [2026-03-15T00:58:04.582Z] Step 5/14: RUN echo "_CONTAINER_USER_HOME=$( (command -v getent >/dev/null 2>&1 && getent passwd 'root' || grep -E '^root|^[^:]*:[^:]*:root:' /etc/passwd || true) | cut -d: -f6)" >> /tmp/dev-container-features/devcontainer-features.builtin.env &&  echo "_REMOTE_USER_HOME=$( (command -v getent >/dev/null 2>&1 && getent passwd 'root' || grep -E '^root|^[^:]*:[^:]*:root:' /etc/passwd || true) | cut -d: -f6)" >> /tmp/dev-container-features/devcontainer-features.builtin.env
         
         [2026-03-15T00:58:06.591Z] Step 6/14: ENV NVM_DIR="/usr/local/share/nvm"
         Step 7/14: ENV NVM_SYMLINK_CURRENT="true"
         Step 8/14: ENV PATH="/usr/local/share/nvm/current/bin:"
         Step 9/14: COPY --chown=root:root --from=dev_containers_feature_content_source /tmp/build-features/node_0 /tmp/dev-container-features/node_0
         pelagos: error: I/O error: COPY source not found: /tmp/pelagos-build-1773536280597742/--chown=root:root
         
         [2026-03-15T00:58:06.591Z] Exit code 1
         Error: Command failed: /tmp/pelagos-shim-wrapperT2kfh0 build --build-arg _DEV_CONTAINERS_BASE_IMAGE=public.ecr.aws/docker/library/ubuntu:22.04 --build-arg _DEV_CONTAINERS_IMAGE_USER=root --build-arg _DEV_CONTAINERS_FEATURE_CONTENT_SOURCE=dev_container_feature_content_temp --target dev_containers_target_stage -f /var/folders/5s/f9f7n_tj38dfzkc2lkzw67q80000gn/T/devcontainercli/container-features/0.84.0-1773536279424/Dockerfile.extended -t vsc-dc-features-f87b5678a8c5d642ccf9ddda67cc4e52f68edb6b0021b7b959ed23726529717f-features /var/folders/5s/f9f7n_tj38dfzkc2lkzw67q80000gn/T/devcontainercli/empty-folder
             at kV (/opt/homebrew/lib/node_modules/@devcontainers/cli/dist/spec-node/devContainersSpecCLI.js:465:1277)
             at uG (/opt/homebrew/lib/node_modules/@devcontainers/cli/dist/spec-node/devContainersSpecCLI.js:465:1021)
             at process.processTicksAndRejections (node:internal/process/task_queues:104:5)
             at async jV (/opt/homebrew/lib/node_modules/@devcontainers/cli/dist/spec-node/devContainersSpecCLI.js:483:3870)
             at async FI (/opt/homebrew/lib/node_modules/@devcontainers/cli/dist/spec-node/devContainersSpecCLI.js:483:4989)
             at async SZ (/opt/homebrew/lib/node_modules/@devcontainers/cli/dist/spec-node/devContainersSpecCLI.js:664:205)
             at async FZ (/opt/homebrew/lib/node_modules/@devcontainers/cli/dist/spec-node/devContainersSpecCLI.js:663:15080)
             at async /opt/homebrew/lib/node_modules/@devcontainers/cli/dist/spec-node/devContainersSpecCLI.js:483:1188
         {"outcome":"error","message":"Command failed: /tmp/pelagos-shim-wrapperT2kfh0 build --build-arg _DEV_CONTAINERS_BASE_IMAGE=public.ecr.aws/docker/library/ubuntu:22.04 --build-arg _DEV_CONTAINERS_IMAGE_USER=root --build-arg _DEV_CONTAINERS_FEATURE_CONTENT_SOURCE=dev_container_feature_content_temp --target dev_containers_target_stage -f /var/folders/5s/f9f7n_tj38dfzkc2lkzw67q80000gn/T/devcontainercli/container-features/0.84.0-1773536279424/Dockerfile.extended -t vsc-dc-features-f87b5678a8c5d642ccf9ddda67cc4e52f68edb6b0021b7b959ed23726529717f-features /var/folders/5s/f9f7n_tj38dfzkc2lkzw67q80000gn/T/devcontainercli/empty-folder","description":"An error occurred setting up the container."}
         ---
  [FAIL] TC-T2-10: devcontainer up (node feature)
         expected : exit=0 outcome=success
         got      : exit=1 outcome=error
         --- node output ---
         [2026-03-15T00:58:06.862Z] Error: Dev container not found.
             at wg (/opt/homebrew/lib/node_modules/@devcontainers/cli/dist/spec-node/devContainersSpecCLI.js:471:1096)
             at ZQ (/opt/homebrew/lib/node_modules/@devcontainers/cli/dist/spec-node/devContainersSpecCLI.js:669:6405)
             at process.processTicksAndRejections (node:internal/process/task_queues:104:5)
             at async WZ (/opt/homebrew/lib/node_modules/@devcontainers/cli/dist/spec-node/devContainersSpecCLI.js:669:3985)
             at async /opt/homebrew/lib/node_modules/@devcontainers/cli/dist/spec-node/devContainersSpecCLI.js:483:1188
         ---
  [FAIL] TC-T2-10b: node installed by feature
         expected : v<N>.x.x
         got      : [2026-03-15T00:58:06.862Z] Error: Dev container not found.
    at wg (/opt/homebrew/lib/node_modules/@devcontainers/cli/dist/spec-node/devContainersSpecCLI.js:471:1096)
    at ZQ (/opt/homebrew/lib/node_modules/@devcontainers/cli/dist/spec-node/devContainersSpecCLI.js:669:6405)
    at process.processTicksAndRejections (node:internal/process/task_queues:104:5)
    at async WZ (/opt/homebrew/lib/node_modules/@devcontainers/cli/dist/spec-node/devContainersSpecCLI.js:669:3985)
    at async /opt/homebrew/lib/node_modules/@devcontainers/cli/dist/spec-node/devContainersSpecCLI.js:483:1188
  [FAIL] TC-T2-10c: npm installed
         expected : N.N.N
         got      : [2026-03-15T00:58:07.024Z] Error: Dev container not found.
    at wg (/opt/homebrew/lib/node_modules/@devcontainers/cli/dist/spec-node/devContainersSpecCLI.js:471:1096)
    at ZQ (/opt/homebrew/lib/node_modules/@devcontainers/cli/dist/spec-node/devContainersSpecCLI.js:669:6405)
    at process.processTicksAndRejections (node:internal/process/task_queues:104:5)
    at async WZ (/opt/homebrew/lib/node_modules/@devcontainers/cli/dist/spec-node/devContainersSpecCLI.js:669:3985)
    at async /opt/homebrew/lib/node_modules/@devcontainers/cli/dist/spec-node/devContainersSpecCLI.js:483:1188

=== suite D: postCreateCommand (R-DC-01 lifecycle) ===
  Running devcontainer up (postCreateCommand)...
  [PASS] TC-T2-08: devcontainer up (postCreateCommand): exit 0, outcome=success
  [PASS] TC-T2-08b: postCreateCommand ran: 'postcreate-done' in up output
  [PASS] TC-T2-09: teardown: container removed from ps -a

========================================
FAIL  6 failed, 10 passed / 16 total

Re-run with --debug for full devcontainer output.
